14:09:08 **** Clean-only build of configuration Debug for project motor_nucleo ****
make -j8 clean 
rm -rf default.size.stdout motor_nucleo.elf motor_nucleo.list motor_nucleo.map
 
14:09:08 **** Build of configuration Debug for project motor_nucleo ****
make -j8 all 
arm-none-eabi-gcc "../Drivers/STM32F3xx_HAL_Driver/Src/stm32f3xx_hal.c" -mcpu=cortex-m4 -std=gnu11 -g3 -DUSE_HAL_DRIVER -DSTM32F303xE -DDEBUG -c -I../Drivers/STM32F3xx_HAL_Driver/Inc -I../Drivers/CMSIS/Include -I../Core/Inc -I../Drivers/STM32F3xx_HAL_Driver/Inc/Legacy -I../Drivers/CMSIS/Device/ST/STM32F3xx/Include -O0 -ffunction-sections -fdata-sections -Wall -fstack-usage -MMD -MP -MF"Drivers/STM32F3xx_HAL_Driver/Src/stm32f3xx_hal.d" -MT"Drivers/STM32F3xx_HAL_Driver/Src/stm32f3xx_hal.o" --specs=nano.specs -mfpu=fpv4-sp-d16 -mfloat-abi=hard -mthumb -o "Drivers/STM32F3xx_HAL_Driver/Src/stm32f3xx_hal.o"
arm-none-eabi-gcc "../Drivers/STM32F3xx_HAL_Driver/Src/stm32f3xx_hal_cortex.c" -mcpu=cortex-m4 -std=gnu11 -g3 -DUSE_HAL_DRIVER -DSTM32F303xE -DDEBUG -c -I../Drivers/STM32F3xx_HAL_Driver/Inc -I../Drivers/CMSIS/Include -I../Core/Inc -I../Drivers/STM32F3xx_HAL_Driver/Inc/Legacy -I../Drivers/CMSIS/Device/ST/STM32F3xx/Include -O0 -ffunction-sections -fdata-sections -Wall -fstack-usage -MMD -MP -MF"Drivers/STM32F3xx_HAL_Driver/Src/stm32f3xx_hal_cortex.d" -MT"Drivers/STM32F3xx_HAL_Driver/Src/stm32f3xx_hal_cortex.o" --specs=nano.specs -mfpu=fpv4-sp-d16 -mfloat-abi=hard -mthumb -o "Drivers/STM32F3xx_HAL_Driver/Src/stm32f3xx_hal_cortex.o"
arm-none-eabi-gcc "../Drivers/STM32F3xx_HAL_Driver/Src/stm32f3xx_hal_dma.c" -mcpu=cortex-m4 -std=gnu11 -g3 -DUSE_HAL_DRIVER -DSTM32F303xE -DDEBUG -c -I../Drivers/STM32F3xx_HAL_Driver/Inc -I../Drivers/CMSIS/Include -I../Core/Inc -I../Drivers/STM32F3xx_HAL_Driver/Inc/Legacy -I../Drivers/CMSIS/Device/ST/STM32F3xx/Include -O0 -ffunction-sections -fdata-sections -Wall -fstack-usage -MMD -MP -MF"Drivers/STM32F3xx_HAL_Driver/Src/stm32f3xx_hal_dma.d" -MT"Drivers/STM32F3xx_HAL_Driver/Src/stm32f3xx_hal_dma.o" --specs=nano.specs -mfpu=fpv4-sp-d16 -mfloat-abi=hard -mthumb -o "Drivers/STM32F3xx_HAL_Driver/Src/stm32f3xx_hal_dma.o"
arm-none-eabi-gcc "../Drivers/STM32F3xx_HAL_Driver/Src/stm32f3xx_hal_exti.c" -mcpu=cortex-m4 -std=gnu11 -g3 -DUSE_HAL_DRIVER -DSTM32F303xE -DDEBUG -c -I../Drivers/STM32F3xx_HAL_Driver/Inc -I../Drivers/CMSIS/Include -I../Core/Inc -I../Drivers/STM32F3xx_HAL_Driver/Inc/Legacy -I../Drivers/CMSIS/Device/ST/STM32F3xx/Include -O0 -ffunction-sections -fdata-sections -Wall -fstack-usage -MMD -MP -MF"Drivers/STM32F3xx_HAL_Driver/Src/stm32f3xx_hal_exti.d" -MT"Drivers/STM32F3xx_HAL_Driver/Src/stm32f3xx_hal_exti.o" --specs=nano.specs -mfpu=fpv4-sp-d16 -mfloat-abi=hard -mthumb -o "Drivers/STM32F3xx_HAL_Driver/Src/stm32f3xx_hal_exti.o"
arm-none-eabi-gcc "../Drivers/STM32F3xx_HAL_Driver/Src/stm32f3xx_hal_flash.c" -mcpu=cortex-m4 -std=gnu11 -g3 -DUSE_HAL_DRIVER -DSTM32F303xE -DDEBUG -c -I../Drivers/STM32F3xx_HAL_Driver/Inc -I../Drivers/CMSIS/Include -I../Core/Inc -I../Drivers/STM32F3xx_HAL_Driver/Inc/Legacy -I../Drivers/CMSIS/Device/ST/STM32F3xx/Include -O0 -ffunction-sections -fdata-sections -Wall -fstack-usage -MMD -MP -MF"Drivers/STM32F3xx_HAL_Driver/Src/stm32f3xx_hal_flash.d" -MT"Drivers/STM32F3xx_HAL_Driver/Src/stm32f3xx_hal_flash.o" --specs=nano.specs -mfpu=fpv4-sp-d16 -mfloat-abi=hard -mthumb -o "Drivers/STM32F3xx_HAL_Driver/Src/stm32f3xx_hal_flash.o"
arm-none-eabi-gcc "../Drivers/STM32F3xx_HAL_Driver/Src/stm32f3xx_hal_flash_ex.c" -mcpu=cortex-m4 -std=gnu11 -g3 -DUSE_HAL_DRIVER -DSTM32F303xE -DDEBUG -c -I../Drivers/STM32F3xx_HAL_Driver/Inc -I../Drivers/CMSIS/Include -I../Core/Inc -I../Drivers/STM32F3xx_HAL_Driver/Inc/Legacy -I../Drivers/CMSIS/Device/ST/STM32F3xx/Include -O0 -ffunction-sections -fdata-sections -Wall -fstack-usage -MMD -MP -MF"Drivers/STM32F3xx_HAL_Driver/Src/stm32f3xx_hal_flash_ex.d" -MT"Drivers/STM32F3xx_HAL_Driver/Src/stm32f3xx_hal_flash_ex.o" --specs=nano.specs -mfpu=fpv4-sp-d16 -mfloat-abi=hard -mthumb -o "Drivers/STM32F3xx_HAL_Driver/Src/stm32f3xx_hal_flash_ex.o"
arm-none-eabi-gcc "../Drivers/STM32F3xx_HAL_Driver/Src/stm32f3xx_hal_gpio.c" -mcpu=cortex-m4 -std=gnu11 -g3 -DUSE_HAL_DRIVER -DSTM32F303xE -DDEBUG -c -I../Drivers/STM32F3xx_HAL_Driver/Inc -I../Drivers/CMSIS/Include -I../Core/Inc -I../Drivers/STM32F3xx_HAL_Driver/Inc/Legacy -I../Drivers/CMSIS/Device/ST/STM32F3xx/Include -O0 -ffunction-sections -fdata-sections -Wall -fstack-usage -MMD -MP -MF"Drivers/STM32F3xx_HAL_Driver/Src/stm32f3xx_hal_gpio.d" -MT"Drivers/STM32F3xx_HAL_Driver/Src/stm32f3xx_hal_gpio.o" --specs=nano.specs -mfpu=fpv4-sp-d16 -mfloat-abi=hard -mthumb -o "Drivers/STM32F3xx_HAL_Driver/Src/stm32f3xx_hal_gpio.o"
arm-none-eabi-gcc "../Drivers/STM32F3xx_HAL_Driver/Src/stm32f3xx_hal_i2c.c" -mcpu=cortex-m4 -std=gnu11 -g3 -DUSE_HAL_DRIVER -DSTM32F303xE -DDEBUG -c -I../Drivers/STM32F3xx_HAL_Driver/Inc -I../Drivers/CMSIS/Include -I../Core/Inc -I../Drivers/STM32F3xx_HAL_Driver/Inc/Legacy -I../Drivers/CMSIS/Device/ST/STM32F3xx/Include -O0 -ffunction-sections -fdata-sections -Wall -fstack-usage -MMD -MP -MF"Drivers/STM32F3xx_HAL_Driver/Src/stm32f3xx_hal_i2c.d" -MT"Drivers/STM32F3xx_HAL_Driver/Src/stm32f3xx_hal_i2c.o" --specs=nano.specs -mfpu=fpv4-sp-d16 -mfloat-abi=hard -mthumb -o "Drivers/STM32F3xx_HAL_Driver/Src/stm32f3xx_hal_i2c.o"
arm-none-eabi-gcc "../Drivers/STM32F3xx_HAL_Driver/Src/stm32f3xx_hal_i2c_ex.c" -mcpu=cortex-m4 -std=gnu11 -g3 -DUSE_HAL_DRIVER -DSTM32F303xE -DDEBUG -c -I../Drivers/STM32F3xx_HAL_Driver/Inc -I../Drivers/CMSIS/Include -I../Core/Inc -I../Drivers/STM32F3xx_HAL_Driver/Inc/Legacy -I../Drivers/CMSIS/Device/ST/STM32F3xx/Include -O0 -ffunction-sections -fdata-sections -Wall -fstack-usage -MMD -MP -MF"Drivers/STM32F3xx_HAL_Driver/Src/stm32f3xx_hal_i2c_ex.d" -MT"Drivers/STM32F3xx_HAL_Driver/Src/stm32f3xx_hal_i2c_ex.o" --specs=nano.specs -mfpu=fpv4-sp-d16 -mfloat-abi=hard -mthumb -o "Drivers/STM32F3xx_HAL_Driver/Src/stm32f3xx_hal_i2c_ex.o"
arm-none-eabi-gcc "../Drivers/STM32F3xx_HAL_Driver/Src/stm32f3xx_hal_pwr.c" -mcpu=cortex-m4 -std=gnu11 -g3 -DUSE_HAL_DRIVER -DSTM32F303xE -DDEBUG -c -I../Drivers/STM32F3xx_HAL_Driver/Inc -I../Drivers/CMSIS/Include -I../Core/Inc -I../Drivers/STM32F3xx_HAL_Driver/Inc/Legacy -I../Drivers/CMSIS/Device/ST/STM32F3xx/Include -O0 -ffunction-sections -fdata-sections -Wall -fstack-usage -MMD -MP -MF"Drivers/STM32F3xx_HAL_Driver/Src/stm32f3xx_hal_pwr.d" -MT"Drivers/STM32F3xx_HAL_Driver/Src/stm32f3xx_hal_pwr.o" --specs=nano.specs -mfpu=fpv4-sp-d16 -mfloat-abi=hard -mthumb -o "Drivers/STM32F3xx_HAL_Driver/Src/stm32f3xx_hal_pwr.o"
arm-none-eabi-gcc "../Drivers/STM32F3xx_HAL_Driver/Src/stm32f3xx_hal_pwr_ex.c" -mcpu=cortex-m4 -std=gnu11 -g3 -DUSE_HAL_DRIVER -DSTM32F303xE -DDEBUG -c -I../Drivers/STM32F3xx_HAL_Driver/Inc -I../Drivers/CMSIS/Include -I../Core/Inc -I../Drivers/STM32F3xx_HAL_Driver/Inc/Legacy -I../Drivers/CMSIS/Device/ST/STM32F3xx/Include -O0 -ffunction-sections -fdata-sections -Wall -fstack-usage -MMD -MP -MF"Drivers/STM32F3xx_HAL_Driver/Src/stm32f3xx_hal_pwr_ex.d" -MT"Drivers/STM32F3xx_HAL_Driver/Src/stm32f3xx_hal_pwr_ex.o" --specs=nano.specs -mfpu=fpv4-sp-d16 -mfloat-abi=hard -mthumb -o "Drivers/STM32F3xx_HAL_Driver/Src/stm32f3xx_hal_pwr_ex.o"
arm-none-eabi-gcc "../Drivers/STM32F3xx_HAL_Driver/Src/stm32f3xx_hal_rcc.c" -mcpu=cortex-m4 -std=gnu11 -g3 -DUSE_HAL_DRIVER -DSTM32F303xE -DDEBUG -c -I../Drivers/STM32F3xx_HAL_Driver/Inc -I../Drivers/CMSIS/Include -I../Core/Inc -I../Drivers/STM32F3xx_HAL_Driver/Inc/Legacy -I../Drivers/CMSIS/Device/ST/STM32F3xx/Include -O0 -ffunction-sections -fdata-sections -Wall -fstack-usage -MMD -MP -MF"Drivers/STM32F3xx_HAL_Driver/Src/stm32f3xx_hal_rcc.d" -MT"Drivers/STM32F3xx_HAL_Driver/Src/stm32f3xx_hal_rcc.o" --specs=nano.specs -mfpu=fpv4-sp-d16 -mfloat-abi=hard -mthumb -o "Drivers/STM32F3xx_HAL_Driver/Src/stm32f3xx_hal_rcc.o"
arm-none-eabi-gcc "../Drivers/STM32F3xx_HAL_Driver/Src/stm32f3xx_hal_rcc_ex.c" -mcpu=cortex-m4 -std=gnu11 -g3 -DUSE_HAL_DRIVER -DSTM32F303xE -DDEBUG -c -I../Drivers/STM32F3xx_HAL_Driver/Inc -I../Drivers/CMSIS/Include -I../Core/Inc -I../Drivers/STM32F3xx_HAL_Driver/Inc/Legacy -I../Drivers/CMSIS/Device/ST/STM32F3xx/Include -O0 -ffunction-sections -fdata-sections -Wall -fstack-usage -MMD -MP -MF"Drivers/STM32F3xx_HAL_Driver/Src/stm32f3xx_hal_rcc_ex.d" -MT"Drivers/STM32F3xx_HAL_Driver/Src/stm32f3xx_hal_rcc_ex.o" --specs=nano.specs -mfpu=fpv4-sp-d16 -mfloat-abi=hard -mthumb -o "Drivers/STM32F3xx_HAL_Driver/Src/stm32f3xx_hal_rcc_ex.o"
arm-none-eabi-gcc "../Drivers/STM32F3xx_HAL_Driver/Src/stm32f3xx_hal_tim.c" -mcpu=cortex-m4 -std=gnu11 -g3 -DUSE_HAL_DRIVER -DSTM32F303xE -DDEBUG -c -I../Drivers/STM32F3xx_HAL_Driver/Inc -I../Drivers/CMSIS/Include -I../Core/Inc -I../Drivers/STM32F3xx_HAL_Driver/Inc/Legacy -I../Drivers/CMSIS/Device/ST/STM32F3xx/Include -O0 -ffunction-sections -fdata-sections -Wall -fstack-usage -MMD -MP -MF"Drivers/STM32F3xx_HAL_Driver/Src/stm32f3xx_hal_tim.d" -MT"Drivers/STM32F3xx_HAL_Driver/Src/stm32f3xx_hal_tim.o" --specs=nano.specs -mfpu=fpv4-sp-d16 -mfloat-abi=hard -mthumb -o "Drivers/STM32F3xx_HAL_Driver/Src/stm32f3xx_hal_tim.o"
arm-none-eabi-gcc "../Drivers/STM32F3xx_HAL_Driver/Src/stm32f3xx_hal_tim_ex.c" -mcpu=cortex-m4 -std=gnu11 -g3 -DUSE_HAL_DRIVER -DSTM32F303xE -DDEBUG -c -I../Drivers/STM32F3xx_HAL_Driver/Inc -I../Drivers/CMSIS/Include -I../Core/Inc -I../Drivers/STM32F3xx_HAL_Driver/Inc/Legacy -I../Drivers/CMSIS/Device/ST/STM32F3xx/Include -O0 -ffunction-sections -fdata-sections -Wall -fstack-usage -MMD -MP -MF"Drivers/STM32F3xx_HAL_Driver/Src/stm32f3xx_hal_tim_ex.d" -MT"Drivers/STM32F3xx_HAL_Driver/Src/stm32f3xx_hal_tim_ex.o" --specs=nano.specs -mfpu=fpv4-sp-d16 -mfloat-abi=hard -mthumb -o "Drivers/STM32F3xx_HAL_Driver/Src/stm32f3xx_hal_tim_ex.o"
arm-none-eabi-gcc -mcpu=cortex-m4 -g3 -DDEBUG -c -x assembler-with-cpp -MMD -MP -MF"Core/Startup/startup_stm32f303retx.d" -MT"Core/Startup/startup_stm32f303retx.o" --specs=nano.specs -mfpu=fpv4-sp-d16 -mfloat-abi=hard -mthumb -o "Core/Startup/startup_stm32f303retx.o" "../Core/Startup/startup_stm32f303retx.s"
arm-none-eabi-gcc "../Core/Src/hbridge.c" -mcpu=cortex-m4 -std=gnu11 -g3 -DUSE_HAL_DRIVER -DSTM32F303xE -DDEBUG -c -I../Drivers/STM32F3xx_HAL_Driver/Inc -I../Drivers/CMSIS/Include -I../Core/Inc -I../Drivers/STM32F3xx_HAL_Driver/Inc/Legacy -I../Drivers/CMSIS/Device/ST/STM32F3xx/Include -O0 -ffunction-sections -fdata-sections -Wall -fstack-usage -MMD -MP -MF"Core/Src/hbridge.d" -MT"Core/Src/hbridge.o" --specs=nano.specs -mfpu=fpv4-sp-d16 -mfloat-abi=hard -mthumb -o "Core/Src/hbridge.o"
arm-none-eabi-gcc "../Core/Src/main.c" -mcpu=cortex-m4 -std=gnu11 -g3 -DUSE_HAL_DRIVER -DSTM32F303xE -DDEBUG -c -I../Drivers/STM32F3xx_HAL_Driver/Inc -I../Drivers/CMSIS/Include -I../Core/Inc -I../Drivers/STM32F3xx_HAL_Driver/Inc/Legacy -I../Drivers/CMSIS/Device/ST/STM32F3xx/Include -O0 -ffunction-sections -fdata-sections -Wall -fstack-usage -MMD -MP -MF"Core/Src/main.d" -MT"Core/Src/main.o" --specs=nano.specs -mfpu=fpv4-sp-d16 -mfloat-abi=hard -mthumb -o "Core/Src/main.o"
arm-none-eabi-gcc "../Core/Src/motor.c" -mcpu=cortex-m4 -std=gnu11 -g3 -DUSE_HAL_DRIVER -DSTM32F303xE -DDEBUG -c -I../Drivers/STM32F3xx_HAL_Driver/Inc -I../Drivers/CMSIS/Include -I../Core/Inc -I../Drivers/STM32F3xx_HAL_Driver/Inc/Legacy -I../Drivers/CMSIS/Device/ST/STM32F3xx/Include -O0 -ffunction-sections -fdata-sections -Wall -fstack-usage -MMD -MP -MF"Core/Src/motor.d" -MT"Core/Src/motor.o" --specs=nano.specs -mfpu=fpv4-sp-d16 -mfloat-abi=hard -mthumb -o "Core/Src/motor.o"
arm-none-eabi-gcc "../Core/Src/stm32f3xx_hal_msp.c" -mcpu=cortex-m4 -std=gnu11 -g3 -DUSE_HAL_DRIVER -DSTM32F303xE -DDEBUG -c -I../Drivers/STM32F3xx_HAL_Driver/Inc -I../Drivers/CMSIS/Include -I../Core/Inc -I../Drivers/STM32F3xx_HAL_Driver/Inc/Legacy -I../Drivers/CMSIS/Device/ST/STM32F3xx/Include -O0 -ffunction-sections -fdata-sections -Wall -fstack-usage -MMD -MP -MF"Core/Src/stm32f3xx_hal_msp.d" -MT"Core/Src/stm32f3xx_hal_msp.o" --specs=nano.specs -mfpu=fpv4-sp-d16 -mfloat-abi=hard -mthumb -o "Core/Src/stm32f3xx_hal_msp.o"
../Core/Src/main.c: In function 'main':
../Core/Src/main.c:116:56: warning: passing argument 3 of 'new_hbridge' discards 'volatile' qualifier from pointer target type [-Wdiscarded-qualifiers]
  116 |  HBridge *motor_1 = new_hbridge(&htim1, TIM_CHANNEL_1, &(TIM1->CCR1), TIM1->ARR, pin1, pin2);
      |                                                        ^~~~~~~~~~~~~
In file included from ../Core/Src/main.c:25:
../Core/Inc/hbridge.h:26:78: note: expected 'uint32_t *' {aka 'long unsigned int *'} but argument is of type 'volatile uint32_t *' {aka 'volatile long unsigned int *'}
   26 | HBridge* new_hbridge(TIM_HandleTypeDef *_timer, uint32_t _channel, uint32_t *_out_register, uint32_t _ARR, Pin* _fwd, Pin* _bwd);
      |                                                                    ~~~~~~~~~~^~~~~~~~~~~~~
arm-none-eabi-gcc "../Core/Src/stm32f3xx_it.c" -mcpu=cortex-m4 -std=gnu11 -g3 -DUSE_HAL_DRIVER -DSTM32F303xE -DDEBUG -c -I../Drivers/STM32F3xx_HAL_Driver/Inc -I../Drivers/CMSIS/Include -I../Core/Inc -I../Drivers/STM32F3xx_HAL_Driver/Inc/Legacy -I../Drivers/CMSIS/Device/ST/STM32F3xx/Include -O0 -ffunction-sections -fdata-sections -Wall -fstack-usage -MMD -MP -MF"Core/Src/stm32f3xx_it.d" -MT"Core/Src/stm32f3xx_it.o" --specs=nano.specs -mfpu=fpv4-sp-d16 -mfloat-abi=hard -mthumb -o "Core/Src/stm32f3xx_it.o"
arm-none-eabi-gcc "../Core/Src/syscalls.c" -mcpu=cortex-m4 -std=gnu11 -g3 -DUSE_HAL_DRIVER -DSTM32F303xE -DDEBUG -c -I../Drivers/STM32F3xx_HAL_Driver/Inc -I../Drivers/CMSIS/Include -I../Core/Inc -I../Drivers/STM32F3xx_HAL_Driver/Inc/Legacy -I../Drivers/CMSIS/Device/ST/STM32F3xx/Include -O0 -ffunction-sections -fdata-sections -Wall -fstack-usage -MMD -MP -MF"Core/Src/syscalls.d" -MT"Core/Src/syscalls.o" --specs=nano.specs -mfpu=fpv4-sp-d16 -mfloat-abi=hard -mthumb -o "Core/Src/syscalls.o"
arm-none-eabi-gcc "../Core/Src/sysmem.c" -mcpu=cortex-m4 -std=gnu11 -g3 -DUSE_HAL_DRIVER -DSTM32F303xE -DDEBUG -c -I../Drivers/STM32F3xx_HAL_Driver/Inc -I../Drivers/CMSIS/Include -I../Core/Inc -I../Drivers/STM32F3xx_HAL_Driver/Inc/Legacy -I../Drivers/CMSIS/Device/ST/STM32F3xx/Include -O0 -ffunction-sections -fdata-sections -Wall -fstack-usage -MMD -MP -MF"Core/Src/sysmem.d" -MT"Core/Src/sysmem.o" --specs=nano.specs -mfpu=fpv4-sp-d16 -mfloat-abi=hard -mthumb -o "Core/Src/sysmem.o"
arm-none-eabi-gcc "../Core/Src/system_stm32f3xx.c" -mcpu=cortex-m4 -std=gnu11 -g3 -DUSE_HAL_DRIVER -DSTM32F303xE -DDEBUG -c -I../Drivers/STM32F3xx_HAL_Driver/Inc -I../Drivers/CMSIS/Include -I../Core/Inc -I../Drivers/STM32F3xx_HAL_Driver/Inc/Legacy -I../Drivers/CMSIS/Device/ST/STM32F3xx/Include -O0 -ffunction-sections -fdata-sections -Wall -fstack-usage -MMD -MP -MF"Core/Src/system_stm32f3xx.d" -MT"Core/Src/system_stm32f3xx.o" --specs=nano.specs -mfpu=fpv4-sp-d16 -mfloat-abi=hard -mthumb -o "Core/Src/system_stm32f3xx.o"
arm-none-eabi-gcc -o "motor_nucleo.elf" @"objects.list"   -mcpu=cortex-m4 -T"C:\Users\isabe\Documents\rover\embedded-testbench\motor_nucleo\STM32F303RETX_FLASH.ld" --specs=nosys.specs -Wl,-Map="motor_nucleo.map" -Wl,--gc-sections -static --specs=nano.specs -mfpu=fpv4-sp-d16 -mfloat-abi=hard -mthumb -Wl,--start-group -lc -lm -Wl,--end-group
Finished building target: motor_nucleo.elf
 
arm-none-eabi-size   motor_nucleo.elf 
arm-none-eabi-objdump -h -S  motor_nucleo.elf  > "motor_nucleo.list"
   text	   data	    bss	    dec	    hex	filename
  23700	    120	   2120	  25940	   6554	motor_nucleo.elf
Finished building: default.size.stdout
 
Finished building: motor_nucleo.list
 
14:21:43 **** Incremental Build of configuration Debug for project motor_nucleo ****
make -j8 all 
arm-none-eabi-gcc "../Core/Src/motor.c" -mcpu=cortex-m4 -std=gnu11 -g3 -DUSE_HAL_DRIVER -DSTM32F303xE -DDEBUG -c -I../Drivers/STM32F3xx_HAL_Driver/Inc -I../Drivers/CMSIS/Include -I../Core/Inc -I../Drivers/STM32F3xx_HAL_Driver/Inc/Legacy -I../Drivers/CMSIS/Device/ST/STM32F3xx/Include -O0 -ffunction-sections -fdata-sections -Wall -fstack-usage -MMD -MP -MF"Core/Src/motor.d" -MT"Core/Src/motor.o" --specs=nano.specs -mfpu=fpv4-sp-d16 -mfloat-abi=hard -mthumb -o "Core/Src/motor.o"
../Core/Src/motor.c: In function 'new_quad_encoder':
../Core/Src/motor.c:17:14: error: 'QuadEncoder' has no member named 'channel_A'
   17 |  quad_encoder->channel_A = _channel_A;
      |              ^~
../Core/Src/motor.c:18:14: error: 'QuadEncoder' has no member named 'channel_B'
   18 |  quad_encoder->channel_B = _channel_B;
      |              ^~
../Core/Src/motor.c: In function 'update_quad_encoder':
../Core/Src/motor.c:77:46: error: 'TIM_HandleTypeDef' has no member named 'CNT'
   77 |  uint16_t enc_raw_now = motor->encoder->timer->CNT;
      |                                              ^~
../Core/Src/motor.c:77:11: warning: unused variable 'enc_raw_now' [-Wunused-variable]
   77 |  uint16_t enc_raw_now = motor->encoder->timer->CNT;
      |           ^~~~~~~~~~~
make: *** [Core/Src/subdir.mk:40: Core/Src/motor.o] Error 1
"make -j8 all" terminated with exit code 2. Build might be incomplete.
14:26:15 **** Incremental Build of configuration Debug for project motor_nucleo ****
make -j8 all 
arm-none-eabi-gcc "../Core/Src/motor.c" -mcpu=cortex-m4 -std=gnu11 -g3 -DUSE_HAL_DRIVER -DSTM32F303xE -DDEBUG -c -I../Drivers/STM32F3xx_HAL_Driver/Inc -I../Drivers/CMSIS/Include -I../Core/Inc -I../Drivers/STM32F3xx_HAL_Driver/Inc/Legacy -I../Drivers/CMSIS/Device/ST/STM32F3xx/Include -O0 -ffunction-sections -fdata-sections -Wall -fstack-usage -MMD -MP -MF"Core/Src/motor.d" -MT"Core/Src/motor.o" --specs=nano.specs -mfpu=fpv4-sp-d16 -mfloat-abi=hard -mthumb -o "Core/Src/motor.o"
../Core/Src/motor.c: In function 'new_quad_encoder':
../Core/Src/motor.c:16:22: warning: assignment to 'TIM_TypeDef *' from incompatible pointer type 'TIM_HandleTypeDef *' [-Wincompatible-pointer-types]
   16 |  quad_encoder->timer = _timer;
      |                      ^
../Core/Src/motor.c:17:14: error: 'QuadEncoder' has no member named 'channel_A'
   17 |  quad_encoder->channel_A = _channel_A;
      |              ^~
../Core/Src/motor.c:18:14: error: 'QuadEncoder' has no member named 'channel_B'
   18 |  quad_encoder->channel_B = _channel_B;
      |              ^~
../Core/Src/motor.c: In function 'new_motor':
../Core/Src/motor.c:33:7: error: 'Motor' has no member named 'angle'
   33 |  motor->angle = _angle;
      |       ^~
../Core/Src/motor.c: In function 'update_quad_encoder':
../Core/Src/motor.c:86:9: error: 'Motor' has no member named 'position'; did you mean 'positon'?
   86 |  motor->position = (int16_t)(motor->encoder->raw - motor->encoder->prev_raw) + motor->position;
      |         ^~~~~~~~
      |         positon
../Core/Src/motor.c:86:87: error: 'Motor' has no member named 'position'; did you mean 'positon'?
   86 |  motor->position = (int16_t)(motor->encoder->raw - motor->encoder->prev_raw) + motor->position;
      |                                                                                       ^~~~~~~~
      |                                                                                       positon
make: *** [Core/Src/subdir.mk:40: Core/Src/motor.o] Error 1
"make -j8 all" terminated with exit code 2. Build might be incomplete.
14:26:37 **** Incremental Build of configuration Debug for project motor_nucleo ****
make -j8 all 
arm-none-eabi-gcc "../Core/Src/motor.c" -mcpu=cortex-m4 -std=gnu11 -g3 -DUSE_HAL_DRIVER -DSTM32F303xE -DDEBUG -c -I../Drivers/STM32F3xx_HAL_Driver/Inc -I../Drivers/CMSIS/Include -I../Core/Inc -I../Drivers/STM32F3xx_HAL_Driver/Inc/Legacy -I../Drivers/CMSIS/Device/ST/STM32F3xx/Include -O0 -ffunction-sections -fdata-sections -Wall -fstack-usage -MMD -MP -MF"Core/Src/motor.d" -MT"Core/Src/motor.o" --specs=nano.specs -mfpu=fpv4-sp-d16 -mfloat-abi=hard -mthumb -o "Core/Src/motor.o"
../Core/Src/motor.c: In function 'new_quad_encoder':
../Core/Src/motor.c:16:22: warning: assignment to 'TIM_TypeDef *' from incompatible pointer type 'TIM_HandleTypeDef *' [-Wincompatible-pointer-types]
   16 |  quad_encoder->timer = _timer;
      |                      ^
../Core/Src/motor.c:17:14: error: 'QuadEncoder' has no member named 'channel_A'
   17 |  quad_encoder->channel_A = _channel_A;
      |              ^~
../Core/Src/motor.c:18:14: error: 'QuadEncoder' has no member named 'channel_B'
   18 |  quad_encoder->channel_B = _channel_B;
      |              ^~
../Core/Src/motor.c: In function 'new_motor':
../Core/Src/motor.c:33:7: error: 'Motor' has no member named 'angle'
   33 |  motor->angle = _angle;
      |       ^~
make: *** [Core/Src/subdir.mk:40: Core/Src/motor.o] Error 1
"make -j8 all" terminated with exit code 2. Build might be incomplete.
14:28:36 **** Incremental Build of configuration Debug for project motor_nucleo ****
make -j8 all 
arm-none-eabi-gcc "../Core/Src/motor.c" -mcpu=cortex-m4 -std=gnu11 -g3 -DUSE_HAL_DRIVER -DSTM32F303xE -DDEBUG -c -I../Drivers/STM32F3xx_HAL_Driver/Inc -I../Drivers/CMSIS/Include -I../Core/Inc -I../Drivers/STM32F3xx_HAL_Driver/Inc/Legacy -I../Drivers/CMSIS/Device/ST/STM32F3xx/Include -O0 -ffunction-sections -fdata-sections -Wall -fstack-usage -MMD -MP -MF"Core/Src/motor.d" -MT"Core/Src/motor.o" --specs=nano.specs -mfpu=fpv4-sp-d16 -mfloat-abi=hard -mthumb -o "Core/Src/motor.o"
../Core/Src/motor.c: In function 'new_quad_encoder':
../Core/Src/motor.c:14:1: error: number of arguments doesn't match prototype
   14 | {
      | ^
In file included from ../Core/Src/motor.c:2:
../Core/Inc/motor.h:37:14: error: prototype declaration
   37 | QuadEncoder* new_quad_encoder(TIM_HandleTypeDef* _timer, uint32_t* _channel_A, uint32_t* _channel_B);
      |              ^~~~~~~~~~~~~~~~
../Core/Src/motor.c:16:24: error: '_timer' undeclared (first use in this function); did you mean '__timer_t'?
   16 |  quad_encoder->timer = _timer;
      |                        ^~~~~~
      |                        __timer_t
../Core/Src/motor.c:16:24: note: each undeclared identifier is reported only once for each function it appears in
../Core/Src/motor.c:17:31: error: '_timer_handle' undeclared (first use in this function)
   17 |  quad_encoder->timer_handle = _timer_handle;
      |                               ^~~~~~~~~~~~~
../Core/Src/motor.c: At top level:
../Core/Src/motor.c:22:8: error: conflicting types for 'new_motor'
   22 | Motor* new_motor(HBridge *_hbridge, LimitSwitch* _fwd_lim, LimitSwitch* _rev_lim, QuadEncoder* _encoder,
      |        ^~~~~~~~~
In file included from ../Core/Src/motor.c:2:
../Core/Inc/motor.h:39:8: note: previous declaration of 'new_motor' was here
   39 | Motor* new_motor(HBridge *_hbridge, LimitSwitch* _fwd_lim, LimitSwitch* _rev_lim, QuadEncoder* _encoder, bool _at_fwd_lim, bool _at_rev_lim, float _angle);
      |        ^~~~~~~~~
make: *** [Core/Src/subdir.mk:40: Core/Src/motor.o] Error 1
"make -j8 all" terminated with exit code 2. Build might be incomplete.
14:29:45 **** Incremental Build of configuration Debug for project motor_nucleo ****
make -j8 all 
arm-none-eabi-gcc "../Core/Src/motor.c" -mcpu=cortex-m4 -std=gnu11 -g3 -DUSE_HAL_DRIVER -DSTM32F303xE -DDEBUG -c -I../Drivers/STM32F3xx_HAL_Driver/Inc -I../Drivers/CMSIS/Include -I../Core/Inc -I../Drivers/STM32F3xx_HAL_Driver/Inc/Legacy -I../Drivers/CMSIS/Device/ST/STM32F3xx/Include -O0 -ffunction-sections -fdata-sections -Wall -fstack-usage -MMD -MP -MF"Core/Src/motor.d" -MT"Core/Src/motor.o" --specs=nano.specs -mfpu=fpv4-sp-d16 -mfloat-abi=hard -mthumb -o "Core/Src/motor.o"
../Core/Src/motor.c:13:14: error: conflicting types for 'new_quad_encoder'
   13 | QuadEncoder* new_quad_encoder(TIM_HandleTypeDef *_timer_handle, TIM_TypeDef *_timer)
      |              ^~~~~~~~~~~~~~~~
In file included from ../Core/Src/motor.c:2:
../Core/Inc/motor.h:37:14: note: previous declaration of 'new_quad_encoder' was here
   37 | QuadEncoder* new_quad_encoder(TIM_HandleTypeDef* _timer, uint32_t* _channel_A, uint32_t* _channel_B);
      |              ^~~~~~~~~~~~~~~~
../Core/Src/motor.c:22:8: error: conflicting types for 'new_motor'
   22 | Motor* new_motor(HBridge *_hbridge, LimitSwitch* _fwd_lim, LimitSwitch* _rev_lim, QuadEncoder* _encoder,
      |        ^~~~~~~~~
In file included from ../Core/Src/motor.c:2:
../Core/Inc/motor.h:39:8: note: previous declaration of 'new_motor' was here
   39 | Motor* new_motor(HBridge *_hbridge, LimitSwitch* _fwd_lim, LimitSwitch* _rev_lim, QuadEncoder* _encoder, bool _at_fwd_lim, bool _at_rev_lim, float _angle);
      |        ^~~~~~~~~
make: *** [Core/Src/subdir.mk:40: Core/Src/motor.o] Error 1
"make -j8 all" terminated with exit code 2. Build might be incomplete.
14:30:36 **** Incremental Build of configuration Debug for project motor_nucleo ****
make -j8 all 
arm-none-eabi-gcc "../Core/Src/motor.c" -mcpu=cortex-m4 -std=gnu11 -g3 -DUSE_HAL_DRIVER -DSTM32F303xE -DDEBUG -c -I../Drivers/STM32F3xx_HAL_Driver/Inc -I../Drivers/CMSIS/Include -I../Core/Inc -I../Drivers/STM32F3xx_HAL_Driver/Inc/Legacy -I../Drivers/CMSIS/Device/ST/STM32F3xx/Include -O0 -ffunction-sections -fdata-sections -Wall -fstack-usage -MMD -MP -MF"Core/Src/motor.d" -MT"Core/Src/motor.o" --specs=nano.specs -mfpu=fpv4-sp-d16 -mfloat-abi=hard -mthumb -o "Core/Src/motor.o"
arm-none-eabi-gcc -o "motor_nucleo.elf" @"objects.list"   -mcpu=cortex-m4 -T"C:\Users\isabe\Documents\rover\embedded-testbench\motor_nucleo\STM32F303RETX_FLASH.ld" --specs=nosys.specs -Wl,-Map="motor_nucleo.map" -Wl,--gc-sections -static --specs=nano.specs -mfpu=fpv4-sp-d16 -mfloat-abi=hard -mthumb -Wl,--start-group -lc -lm -Wl,--end-group
Finished building target: motor_nucleo.elf
 
arm-none-eabi-size   motor_nucleo.elf 
arm-none-eabi-objdump -h -S  motor_nucleo.elf  > "motor_nucleo.list"
   text	   data	    bss	    dec	    hex	filename
  23700	    120	   2120	  25940	   6554	motor_nucleo.elf
Finished building: default.size.stdout
 
Finished building: motor_nucleo.list
 
14:34:34 **** Incremental Build of configuration Debug for project motor_nucleo ****
make -j8 all 
arm-none-eabi-gcc "../Core/Src/motor.c" -mcpu=cortex-m4 -std=gnu11 -g3 -DUSE_HAL_DRIVER -DSTM32F303xE -DDEBUG -c -I../Drivers/STM32F3xx_HAL_Driver/Inc -I../Drivers/CMSIS/Include -I../Core/Inc -I../Drivers/STM32F3xx_HAL_Driver/Inc/Legacy -I../Drivers/CMSIS/Device/ST/STM32F3xx/Include -O0 -ffunction-sections -fdata-sections -Wall -fstack-usage -MMD -MP -MF"Core/Src/motor.d" -MT"Core/Src/motor.o" --specs=nano.specs -mfpu=fpv4-sp-d16 -mfloat-abi=hard -mthumb -o "Core/Src/motor.o"
../Core/Src/motor.c: In function 'update_quad_encoder':
../Core/Src/motor.c:77:40: error: 'QuadEncoder' has no member named 'timer'; did you mean 'tim'?
   77 |  motor->encoder->raw = motor->encoder->timer->CNT;
      |                                        ^~~~~
      |                                        tim
make: *** [Core/Src/subdir.mk:40: Core/Src/motor.o] Error 1
"make -j8 all" terminated with exit code 2. Build might be incomplete.
14:34:52 **** Incremental Build of configuration Debug for project motor_nucleo ****
make -j8 all 
arm-none-eabi-gcc "../Core/Src/motor.c" -mcpu=cortex-m4 -std=gnu11 -g3 -DUSE_HAL_DRIVER -DSTM32F303xE -DDEBUG -c -I../Drivers/STM32F3xx_HAL_Driver/Inc -I../Drivers/CMSIS/Include -I../Core/Inc -I../Drivers/STM32F3xx_HAL_Driver/Inc/Legacy -I../Drivers/CMSIS/Device/ST/STM32F3xx/Include -O0 -ffunction-sections -fdata-sections -Wall -fstack-usage -MMD -MP -MF"Core/Src/motor.d" -MT"Core/Src/motor.o" --specs=nano.specs -mfpu=fpv4-sp-d16 -mfloat-abi=hard -mthumb -o "Core/Src/motor.o"
arm-none-eabi-gcc -o "motor_nucleo.elf" @"objects.list"   -mcpu=cortex-m4 -T"C:\Users\isabe\Documents\rover\embedded-testbench\motor_nucleo\STM32F303RETX_FLASH.ld" --specs=nosys.specs -Wl,-Map="motor_nucleo.map" -Wl,--gc-sections -static --specs=nano.specs -mfpu=fpv4-sp-d16 -mfloat-abi=hard -mthumb -Wl,--start-group -lc -lm -Wl,--end-group
Finished building target: motor_nucleo.elf
 
arm-none-eabi-size   motor_nucleo.elf 
arm-none-eabi-objdump -h -S  motor_nucleo.elf  > "motor_nucleo.list"
   text	   data	    bss	    dec	    hex	filename
  23700	    120	   2120	  25940	   6554	motor_nucleo.elf
Finished building: default.size.stdout
 
Finished building: motor_nucleo.list
 
14:35:10 **** Incremental Build of configuration Debug for project motor_nucleo ****
make -j8 all 
arm-none-eabi-gcc "../Core/Src/motor.c" -mcpu=cortex-m4 -std=gnu11 -g3 -DUSE_HAL_DRIVER -DSTM32F303xE -DDEBUG -c -I../Drivers/STM32F3xx_HAL_Driver/Inc -I../Drivers/CMSIS/Include -I../Core/Inc -I../Drivers/STM32F3xx_HAL_Driver/Inc/Legacy -I../Drivers/CMSIS/Device/ST/STM32F3xx/Include -O0 -ffunction-sections -fdata-sections -Wall -fstack-usage -MMD -MP -MF"Core/Src/motor.d" -MT"Core/Src/motor.o" --specs=nano.specs -mfpu=fpv4-sp-d16 -mfloat-abi=hard -mthumb -o "Core/Src/motor.o"
arm-none-eabi-gcc -o "motor_nucleo.elf" @"objects.list"   -mcpu=cortex-m4 -T"C:\Users\isabe\Documents\rover\embedded-testbench\motor_nucleo\STM32F303RETX_FLASH.ld" --specs=nosys.specs -Wl,-Map="motor_nucleo.map" -Wl,--gc-sections -static --specs=nano.specs -mfpu=fpv4-sp-d16 -mfloat-abi=hard -mthumb -Wl,--start-group -lc -lm -Wl,--end-group
Finished building target: motor_nucleo.elf
 
arm-none-eabi-size   motor_nucleo.elf 
arm-none-eabi-objdump -h -S  motor_nucleo.elf  > "motor_nucleo.list"
   text	   data	    bss	    dec	    hex	filename
  23700	    120	   2120	  25940	   6554	motor_nucleo.elf
Finished building: default.size.stdout
 
Finished building: motor_nucleo.list
 
15:02:15 **** Incremental Build of configuration Debug for project motor_nucleo ****
make -j8 all 
arm-none-eabi-gcc "../Core/Src/hbridge.c" -mcpu=cortex-m4 -std=gnu11 -g3 -DUSE_HAL_DRIVER -DSTM32F303xE -DDEBUG -c -I../Drivers/STM32F3xx_HAL_Driver/Inc -I../Drivers/CMSIS/Include -I../Core/Inc -I../Drivers/STM32F3xx_HAL_Driver/Inc/Legacy -I../Drivers/CMSIS/Device/ST/STM32F3xx/Include -O0 -ffunction-sections -fdata-sections -Wall -fstack-usage -MMD -MP -MF"Core/Src/hbridge.d" -MT"Core/Src/hbridge.o" --specs=nano.specs -mfpu=fpv4-sp-d16 -mfloat-abi=hard -mthumb -o "Core/Src/hbridge.o"
arm-none-eabi-gcc "../Core/Src/main.c" -mcpu=cortex-m4 -std=gnu11 -g3 -DUSE_HAL_DRIVER -DSTM32F303xE -DDEBUG -c -I../Drivers/STM32F3xx_HAL_Driver/Inc -I../Drivers/CMSIS/Include -I../Core/Inc -I../Drivers/STM32F3xx_HAL_Driver/Inc/Legacy -I../Drivers/CMSIS/Device/ST/STM32F3xx/Include -O0 -ffunction-sections -fdata-sections -Wall -fstack-usage -MMD -MP -MF"Core/Src/main.d" -MT"Core/Src/main.o" --specs=nano.specs -mfpu=fpv4-sp-d16 -mfloat-abi=hard -mthumb -o "Core/Src/main.o"
arm-none-eabi-gcc "../Core/Src/motor.c" -mcpu=cortex-m4 -std=gnu11 -g3 -DUSE_HAL_DRIVER -DSTM32F303xE -DDEBUG -c -I../Drivers/STM32F3xx_HAL_Driver/Inc -I../Drivers/CMSIS/Include -I../Core/Inc -I../Drivers/STM32F3xx_HAL_Driver/Inc/Legacy -I../Drivers/CMSIS/Device/ST/STM32F3xx/Include -O0 -ffunction-sections -fdata-sections -Wall -fstack-usage -MMD -MP -MF"Core/Src/motor.d" -MT"Core/Src/motor.o" --specs=nano.specs -mfpu=fpv4-sp-d16 -mfloat-abi=hard -mthumb -o "Core/Src/motor.o"
../Core/Src/main.c: In function 'main':
../Core/Src/main.c:120:56: warning: passing argument 3 of 'new_hbridge' discards 'volatile' qualifier from pointer target type [-Wdiscarded-qualifiers]
  120 |  HBridge *motor_1 = new_hbridge(&htim1, TIM_CHANNEL_1, &(TIM1->CCR1), TIM1->ARR, pin1, pin2);
      |                                                        ^~~~~~~~~~~~~
In file included from ../Core/Src/main.c:25:
../Core/Inc/hbridge.h:27:78: note: expected 'uint32_t *' {aka 'long unsigned int *'} but argument is of type 'volatile uint32_t *' {aka 'volatile long unsigned int *'}
   27 | HBridge* new_hbridge(TIM_HandleTypeDef *_timer, uint32_t _channel, uint32_t *_out_register, uint32_t _ARR, Pin* _fwd, Pin* _bwd);
      |                                                                    ~~~~~~~~~~^~~~~~~~~~~~~
arm-none-eabi-gcc -o "motor_nucleo.elf" @"objects.list"   -mcpu=cortex-m4 -T"C:\Users\isabe\Documents\rover\embedded-testbench\motor_nucleo\STM32F303RETX_FLASH.ld" --specs=nosys.specs -Wl,-Map="motor_nucleo.map" -Wl,--gc-sections -static --specs=nano.specs -mfpu=fpv4-sp-d16 -mfloat-abi=hard -mthumb -Wl,--start-group -lc -lm -Wl,--end-group
Finished building target: motor_nucleo.elf
 
arm-none-eabi-size   motor_nucleo.elf 
arm-none-eabi-objdump -h -S  motor_nucleo.elf  > "motor_nucleo.list"
   text	   data	    bss	    dec	    hex	filename
  23712	    120	   2120	  25952	   6560	motor_nucleo.elf
Finished building: default.size.stdout
 
Finished building: motor_nucleo.list
 
19:37:00 **** Build of configuration Debug for project motor_nucleo ****
make -j8 all 
arm-none-eabi-gcc "../Core/Src/motor.c" -mcpu=cortex-m4 -std=gnu11 -g3 -DUSE_HAL_DRIVER -DSTM32F303xE -DDEBUG -c -I../Drivers/STM32F3xx_HAL_Driver/Inc -I../Drivers/CMSIS/Include -I../Core/Inc -I../Drivers/STM32F3xx_HAL_Driver/Inc/Legacy -I../Drivers/CMSIS/Device/ST/STM32F3xx/Include -O0 -ffunction-sections -fdata-sections -Wall -fstack-usage -MMD -MP -MF"Core/Src/motor.d" -MT"Core/Src/motor.o" --specs=nano.specs -mfpu=fpv4-sp-d16 -mfloat-abi=hard -mthumb -o "Core/Src/motor.o"
arm-none-eabi-gcc -o "motor_nucleo.elf" @"objects.list"   -mcpu=cortex-m4 -T"C:\Users\isabe\Documents\rover\embedded-testbench\motor_nucleo\STM32F303RETX_FLASH.ld" --specs=nosys.specs -Wl,-Map="motor_nucleo.map" -Wl,--gc-sections -static --specs=nano.specs -mfpu=fpv4-sp-d16 -mfloat-abi=hard -mthumb -Wl,--start-group -lc -lm -Wl,--end-group
Finished building target: motor_nucleo.elf
 
arm-none-eabi-size   motor_nucleo.elf 
arm-none-eabi-objdump -h -S  motor_nucleo.elf  > "motor_nucleo.list"
   text	   data	    bss	    dec	    hex	filename
  23712	    120	   2120	  25952	   6560	motor_nucleo.elf
Finished building: default.size.stdout
 
Finished building: motor_nucleo.list
 
20:45:15 **** Incremental Build of configuration Debug for project motor_nucleo ****
make -j8 all 
arm-none-eabi-gcc "../Core/Src/main.c" -mcpu=cortex-m4 -std=gnu11 -g3 -DUSE_HAL_DRIVER -DSTM32F303xE -DDEBUG -c -I../Drivers/STM32F3xx_HAL_Driver/Inc -I../Drivers/CMSIS/Include -I../Core/Inc -I../Drivers/STM32F3xx_HAL_Driver/Inc/Legacy -I../Drivers/CMSIS/Device/ST/STM32F3xx/Include -O0 -ffunction-sections -fdata-sections -Wall -fstack-usage -MMD -MP -MF"Core/Src/main.d" -MT"Core/Src/main.o" --specs=nano.specs -mfpu=fpv4-sp-d16 -mfloat-abi=hard -mthumb -o "Core/Src/main.o"
arm-none-eabi-gcc "../Core/Src/motor.c" -mcpu=cortex-m4 -std=gnu11 -g3 -DUSE_HAL_DRIVER -DSTM32F303xE -DDEBUG -c -I../Drivers/STM32F3xx_HAL_Driver/Inc -I../Drivers/CMSIS/Include -I../Core/Inc -I../Drivers/STM32F3xx_HAL_Driver/Inc/Legacy -I../Drivers/CMSIS/Device/ST/STM32F3xx/Include -O0 -ffunction-sections -fdata-sections -Wall -fstack-usage -MMD -MP -MF"Core/Src/motor.d" -MT"Core/Src/motor.o" --specs=nano.specs -mfpu=fpv4-sp-d16 -mfloat-abi=hard -mthumb -o "Core/Src/motor.o"
../Core/Src/main.c: In function 'main':
../Core/Src/main.c:121:56: warning: passing argument 3 of 'new_hbridge' discards 'volatile' qualifier from pointer target type [-Wdiscarded-qualifiers]
  121 |  HBridge *motor_1 = new_hbridge(&htim1, TIM_CHANNEL_1, &(TIM1->CCR1), TIM1->ARR, pin1, pin2);
      |                                                        ^~~~~~~~~~~~~
In file included from ../Core/Inc/motor.h:9,
                 from ../Core/Src/main.c:25:
../Core/Inc/hbridge.h:27:78: note: expected 'uint32_t *' {aka 'long unsigned int *'} but argument is of type 'volatile uint32_t *' {aka 'volatile long unsigned int *'}
   27 | HBridge* new_hbridge(TIM_HandleTypeDef *_timer, uint32_t _channel, uint32_t *_out_register, uint32_t _ARR, Pin* _fwd, Pin* _bwd);
      |                                                                    ~~~~~~~~~~^~~~~~~~~~~~~
../Core/Src/main.c:125:30: error: 'GBIO_PIN_11' undeclared (first use in this function); did you mean 'GPIO_PIN_11'?
  125 |  Pin* pin11 = new_pin(GPIOB, GBIO_PIN_11);
      |                              ^~~~~~~~~~~
      |                              GPIO_PIN_11
../Core/Src/main.c:125:30: note: each undeclared identifier is reported only once for each function it appears in
../Core/Src/main.c:128:43: error: 'htim' undeclared (first use in this function); did you mean 'htim8'?
  128 |  QuadEncoder* encoder = new_quad_encoder(&htim, &htim6);
      |                                           ^~~~
      |                                           htim8
../Core/Src/main.c:128:49: warning: passing argument 2 of 'new_quad_encoder' from incompatible pointer type [-Wincompatible-pointer-types]
  128 |  QuadEncoder* encoder = new_quad_encoder(&htim, &htim6);
      |                                                 ^~~~~~
      |                                                 |
      |                                                 TIM_HandleTypeDef *
In file included from ../Core/Src/main.c:25:
../Core/Inc/motor.h:37:70: note: expected 'TIM_TypeDef *' but argument is of type 'TIM_HandleTypeDef *'
   37 | QuadEncoder* new_quad_encoder(TIM_HandleTypeDef *_htim, TIM_TypeDef *_tim);
      |                                                         ~~~~~~~~~~~~~^~~~
make: *** [Core/Src/subdir.mk:40: Core/Src/main.o] Error 1
make: *** Waiting for unfinished jobs....
"make -j8 all" terminated with exit code 2. Build might be incomplete.
20:49:47 **** Incremental Build of configuration Debug for project motor_nucleo ****
make -j8 all 
arm-none-eabi-gcc "../Core/Src/main.c" -mcpu=cortex-m4 -std=gnu11 -g3 -DUSE_HAL_DRIVER -DSTM32F303xE -DDEBUG -c -I../Drivers/STM32F3xx_HAL_Driver/Inc -I../Drivers/CMSIS/Include -I../Core/Inc -I../Drivers/STM32F3xx_HAL_Driver/Inc/Legacy -I../Drivers/CMSIS/Device/ST/STM32F3xx/Include -O0 -ffunction-sections -fdata-sections -Wall -fstack-usage -MMD -MP -MF"Core/Src/main.d" -MT"Core/Src/main.o" --specs=nano.specs -mfpu=fpv4-sp-d16 -mfloat-abi=hard -mthumb -o "Core/Src/main.o"
arm-none-eabi-gcc "../Core/Src/motor.c" -mcpu=cortex-m4 -std=gnu11 -g3 -DUSE_HAL_DRIVER -DSTM32F303xE -DDEBUG -c -I../Drivers/STM32F3xx_HAL_Driver/Inc -I../Drivers/CMSIS/Include -I../Core/Inc -I../Drivers/STM32F3xx_HAL_Driver/Inc/Legacy -I../Drivers/CMSIS/Device/ST/STM32F3xx/Include -O0 -ffunction-sections -fdata-sections -Wall -fstack-usage -MMD -MP -MF"Core/Src/motor.d" -MT"Core/Src/motor.o" --specs=nano.specs -mfpu=fpv4-sp-d16 -mfloat-abi=hard -mthumb -o "Core/Src/motor.o"
../Core/Src/main.c: In function 'main':
../Core/Src/main.c:121:56: warning: passing argument 3 of 'new_hbridge' discards 'volatile' qualifier from pointer target type [-Wdiscarded-qualifiers]
  121 |  HBridge *motor_1 = new_hbridge(&htim1, TIM_CHANNEL_1, &(TIM1->CCR1), TIM1->ARR, pin1, pin2);
      |                                                        ^~~~~~~~~~~~~
In file included from ../Core/Inc/motor.h:9,
                 from ../Core/Src/main.c:25:
../Core/Inc/hbridge.h:27:78: note: expected 'uint32_t *' {aka 'long unsigned int *'} but argument is of type 'volatile uint32_t *' {aka 'volatile long unsigned int *'}
   27 | HBridge* new_hbridge(TIM_HandleTypeDef *_timer, uint32_t _channel, uint32_t *_out_register, uint32_t _ARR, Pin* _fwd, Pin* _bwd);
      |                                                                    ~~~~~~~~~~^~~~~~~~~~~~~
arm-none-eabi-gcc -o "motor_nucleo.elf" @"objects.list"   -mcpu=cortex-m4 -T"C:\Users\isabe\Documents\rover\embedded-testbench\motor_nucleo\STM32F303RETX_FLASH.ld" --specs=nosys.specs -Wl,-Map="motor_nucleo.map" -Wl,--gc-sections -static --specs=nano.specs -mfpu=fpv4-sp-d16 -mfloat-abi=hard -mthumb -Wl,--start-group -lc -lm -Wl,--end-group
Finished building target: motor_nucleo.elf
 
arm-none-eabi-size   motor_nucleo.elf 
arm-none-eabi-objdump -h -S  motor_nucleo.elf  > "motor_nucleo.list"
   text	   data	    bss	    dec	    hex	filename
  24896	    120	   2128	  27144	   6a08	motor_nucleo.elf
Finished building: default.size.stdout
 
Finished building: motor_nucleo.list
 
20:51:16 **** Incremental Build of configuration Debug for project motor_nucleo ****
make -j8 all 
arm-none-eabi-gcc "../Core/Src/main.c" -mcpu=cortex-m4 -std=gnu11 -g3 -DUSE_HAL_DRIVER -DSTM32F303xE -DDEBUG -c -I../Drivers/STM32F3xx_HAL_Driver/Inc -I../Drivers/CMSIS/Include -I../Core/Inc -I../Drivers/STM32F3xx_HAL_Driver/Inc/Legacy -I../Drivers/CMSIS/Device/ST/STM32F3xx/Include -O0 -ffunction-sections -fdata-sections -Wall -fstack-usage -MMD -MP -MF"Core/Src/main.d" -MT"Core/Src/main.o" --specs=nano.specs -mfpu=fpv4-sp-d16 -mfloat-abi=hard -mthumb -o "Core/Src/main.o"
../Core/Src/main.c: In function 'main':
../Core/Src/main.c:121:56: warning: passing argument 3 of 'new_hbridge' discards 'volatile' qualifier from pointer target type [-Wdiscarded-qualifiers]
  121 |  HBridge *motor_1 = new_hbridge(&htim1, TIM_CHANNEL_1, &(TIM1->CCR1), TIM1->ARR, pin1, pin2);
      |                                                        ^~~~~~~~~~~~~
In file included from ../Core/Inc/motor.h:9,
                 from ../Core/Src/main.c:25:
../Core/Inc/hbridge.h:27:78: note: expected 'uint32_t *' {aka 'long unsigned int *'} but argument is of type 'volatile uint32_t *' {aka 'volatile long unsigned int *'}
   27 | HBridge* new_hbridge(TIM_HandleTypeDef *_timer, uint32_t _channel, uint32_t *_out_register, uint32_t _ARR, Pin* _fwd, Pin* _bwd);
      |                                                                    ~~~~~~~~~~^~~~~~~~~~~~~
../Core/Src/main.c:128:15: warning: unused variable 'encoder' [-Wunused-variable]
  128 |  QuadEncoder* encoder = new_quad_encoder(&htim1, TIM1);
      |               ^~~~~~~
arm-none-eabi-gcc -o "motor_nucleo.elf" @"objects.list"   -mcpu=cortex-m4 -T"C:\Users\isabe\Documents\rover\embedded-testbench\motor_nucleo\STM32F303RETX_FLASH.ld" --specs=nosys.specs -Wl,-Map="motor_nucleo.map" -Wl,--gc-sections -static --specs=nano.specs -mfpu=fpv4-sp-d16 -mfloat-abi=hard -mthumb -Wl,--start-group -lc -lm -Wl,--end-group
Finished building target: motor_nucleo.elf
 
arm-none-eabi-size   motor_nucleo.elf 
arm-none-eabi-objdump -h -S  motor_nucleo.elf  > "motor_nucleo.list"
   text	   data	    bss	    dec	    hex	filename
  24944	    120	   2128	  27192	   6a38	motor_nucleo.elf
Finished building: default.size.stdout
 
Finished building: motor_nucleo.list
 
20:51:21 **** Incremental Build of configuration Debug for project motor_nucleo ****
make -j8 all 
arm-none-eabi-gcc "../Core/Src/main.c" -mcpu=cortex-m4 -std=gnu11 -g3 -DUSE_HAL_DRIVER -DSTM32F303xE -DDEBUG -c -I../Drivers/STM32F3xx_HAL_Driver/Inc -I../Drivers/CMSIS/Include -I../Core/Inc -I../Drivers/STM32F3xx_HAL_Driver/Inc/Legacy -I../Drivers/CMSIS/Device/ST/STM32F3xx/Include -O0 -ffunction-sections -fdata-sections -Wall -fstack-usage -MMD -MP -MF"Core/Src/main.d" -MT"Core/Src/main.o" --specs=nano.specs -mfpu=fpv4-sp-d16 -mfloat-abi=hard -mthumb -o "Core/Src/main.o"
../Core/Src/main.c: In function 'main':
../Core/Src/main.c:121:56: warning: passing argument 3 of 'new_hbridge' discards 'volatile' qualifier from pointer target type [-Wdiscarded-qualifiers]
  121 |  HBridge *motor_1 = new_hbridge(&htim1, TIM_CHANNEL_1, &(TIM1->CCR1), TIM1->ARR, pin1, pin2);
      |                                                        ^~~~~~~~~~~~~
In file included from ../Core/Inc/motor.h:9,
                 from ../Core/Src/main.c:25:
../Core/Inc/hbridge.h:27:78: note: expected 'uint32_t *' {aka 'long unsigned int *'} but argument is of type 'volatile uint32_t *' {aka 'volatile long unsigned int *'}
   27 | HBridge* new_hbridge(TIM_HandleTypeDef *_timer, uint32_t _channel, uint32_t *_out_register, uint32_t _ARR, Pin* _fwd, Pin* _bwd);
      |                                                                    ~~~~~~~~~~^~~~~~~~~~~~~
arm-none-eabi-gcc -o "motor_nucleo.elf" @"objects.list"   -mcpu=cortex-m4 -T"C:\Users\isabe\Documents\rover\embedded-testbench\motor_nucleo\STM32F303RETX_FLASH.ld" --specs=nosys.specs -Wl,-Map="motor_nucleo.map" -Wl,--gc-sections -static --specs=nano.specs -mfpu=fpv4-sp-d16 -mfloat-abi=hard -mthumb -Wl,--start-group -lc -lm -Wl,--end-group
Finished building target: motor_nucleo.elf
 
arm-none-eabi-size   motor_nucleo.elf 
arm-none-eabi-objdump -h -S  motor_nucleo.elf  > "motor_nucleo.list"
   text	   data	    bss	    dec	    hex	filename
  24944	    120	   2128	  27192	   6a38	motor_nucleo.elf
Finished building: default.size.stdout
 
Finished building: motor_nucleo.list
 
